<?xml version="1.0" encoding="UTF-8"?>
<!-- Generated by org.testng.reporters.JUnitReportReporter -->
<testsuite skipped="0" hostname="Vinod" name="qaclickacademy.AppiumTest" tests="2" failures="0" timestamp="2021-03-16T23:24:15 IST" time="0.041" errors="0">
  <testcase name="NativeAppAndroidTest" time="0.000" classname="qaclickacademy.AppiumTest"/>
  <system-out/>
  <testcase name="IOSAPPTest" time="0.041" classname="qaclickacademy.AppiumTest"/>
  <system-out/>
</testsuite> <!-- qaclickacademy.AppiumTest -->
