<?xml version="1.0" encoding="UTF-8"?>
<!-- Generated by org.testng.reporters.JUnitReportReporter -->
<testsuite skipped="0" hostname="Vinod" name="qaclickacademy.RestAPITest" tests="2" failures="0" timestamp="2021-03-16T23:24:48 IST" time="0.002" errors="0">
  <testcase name="PostJiraTest" time="0.001" classname="qaclickacademy.RestAPITest"/>
  <system-out/>
  <testcase name="deleteTwitterTest" time="0.001" classname="qaclickacademy.RestAPITest"/>
  <system-out/>
</testsuite> <!-- qaclickacademy.RestAPITest -->
