<?xml version="1.0" encoding="UTF-8"?>
<!-- Generated by org.testng.reporters.JUnitReportReporter -->
<testsuite skipped="0" hostname="Vinod" name="qaclickacademy.SeleniumTest" tests="2" failures="0" timestamp="2021-03-16T23:24:48 IST" time="0.056" errors="0">
  <testcase name="VinodAutomationTest" time="0.004" classname="qaclickacademy.SeleniumTest"/>
  <system-out/>
  <testcase name="MukthaAutomationTest" time="0.052" classname="qaclickacademy.SeleniumTest"/>
  <system-out/>
</testsuite> <!-- qaclickacademy.SeleniumTest -->
